running egg_info
writing ../../build/yolo_fashion_mnist/yolo_fashion_mnist.egg-info/PKG-INFO
writing dependency_links to ../../build/yolo_fashion_mnist/yolo_fashion_mnist.egg-info/dependency_links.txt
writing entry points to ../../build/yolo_fashion_mnist/yolo_fashion_mnist.egg-info/entry_points.txt
writing requirements to ../../build/yolo_fashion_mnist/yolo_fashion_mnist.egg-info/requires.txt
writing top-level names to ../../build/yolo_fashion_mnist/yolo_fashion_mnist.egg-info/top_level.txt
reading manifest file '../../build/yolo_fashion_mnist/yolo_fashion_mnist.egg-info/SOURCES.txt'
writing manifest file '../../build/yolo_fashion_mnist/yolo_fashion_mnist.egg-info/SOURCES.txt'
running build
running build_py
running install
running install_lib
running install_data
running install_egg_info
removing '/home/jbw/yolo_fashion_mnist/ros2_ws/install/yolo_fashion_mnist/lib/python3.10/site-packages/yolo_fashion_mnist-0.0.0-py3.10.egg-info' (and everything under it)
Copying ../../build/yolo_fashion_mnist/yolo_fashion_mnist.egg-info to /home/jbw/yolo_fashion_mnist/ros2_ws/install/yolo_fashion_mnist/lib/python3.10/site-packages/yolo_fashion_mnist-0.0.0-py3.10.egg-info
running install_scripts
Installing yolo_pub script to /home/jbw/yolo_fashion_mnist/ros2_ws/install/yolo_fashion_mnist/lib/yolo_fashion_mnist
Installing yolo_sub script to /home/jbw/yolo_fashion_mnist/ros2_ws/install/yolo_fashion_mnist/lib/yolo_fashion_mnist
writing list of installed files to '/home/jbw/yolo_fashion_mnist/ros2_ws/build/yolo_fashion_mnist/install.log'
