running egg_info
creating ../../build/yolo_fashion_mnist/yolo_fashion_mnist.egg-info
writing ../../build/yolo_fashion_mnist/yolo_fashion_mnist.egg-info/PKG-INFO
writing dependency_links to ../../build/yolo_fashion_mnist/yolo_fashion_mnist.egg-info/dependency_links.txt
writing entry points to ../../build/yolo_fashion_mnist/yolo_fashion_mnist.egg-info/entry_points.txt
writing requirements to ../../build/yolo_fashion_mnist/yolo_fashion_mnist.egg-info/requires.txt
writing top-level names to ../../build/yolo_fashion_mnist/yolo_fashion_mnist.egg-info/top_level.txt
writing manifest file '../../build/yolo_fashion_mnist/yolo_fashion_mnist.egg-info/SOURCES.txt'
reading manifest file '../../build/yolo_fashion_mnist/yolo_fashion_mnist.egg-info/SOURCES.txt'
writing manifest file '../../build/yolo_fashion_mnist/yolo_fashion_mnist.egg-info/SOURCES.txt'
running build
running build_py
creating /home/jbw/yolo_fashion_mnist/ros2_ws/build/yolo_fashion_mnist/build
creating /home/jbw/yolo_fashion_mnist/ros2_ws/build/yolo_fashion_mnist/build/lib
creating /home/jbw/yolo_fashion_mnist/ros2_ws/build/yolo_fashion_mnist/build/lib/yolo_fashion_mnist
copying yolo_fashion_mnist/subscriber_node.py -> /home/jbw/yolo_fashion_mnist/ros2_ws/build/yolo_fashion_mnist/build/lib/yolo_fashion_mnist
copying yolo_fashion_mnist/publisher_node.py -> /home/jbw/yolo_fashion_mnist/ros2_ws/build/yolo_fashion_mnist/build/lib/yolo_fashion_mnist
copying yolo_fashion_mnist/__init__.py -> /home/jbw/yolo_fashion_mnist/ros2_ws/build/yolo_fashion_mnist/build/lib/yolo_fashion_mnist
running install
running install_lib
creating /home/jbw/yolo_fashion_mnist/ros2_ws/install/yolo_fashion_mnist/lib/python3.10/site-packages/yolo_fashion_mnist
copying /home/jbw/yolo_fashion_mnist/ros2_ws/build/yolo_fashion_mnist/build/lib/yolo_fashion_mnist/subscriber_node.py -> /home/jbw/yolo_fashion_mnist/ros2_ws/install/yolo_fashion_mnist/lib/python3.10/site-packages/yolo_fashion_mnist
copying /home/jbw/yolo_fashion_mnist/ros2_ws/build/yolo_fashion_mnist/build/lib/yolo_fashion_mnist/publisher_node.py -> /home/jbw/yolo_fashion_mnist/ros2_ws/install/yolo_fashion_mnist/lib/python3.10/site-packages/yolo_fashion_mnist
copying /home/jbw/yolo_fashion_mnist/ros2_ws/build/yolo_fashion_mnist/build/lib/yolo_fashion_mnist/__init__.py -> /home/jbw/yolo_fashion_mnist/ros2_ws/install/yolo_fashion_mnist/lib/python3.10/site-packages/yolo_fashion_mnist
byte-compiling /home/jbw/yolo_fashion_mnist/ros2_ws/install/yolo_fashion_mnist/lib/python3.10/site-packages/yolo_fashion_mnist/subscriber_node.py to subscriber_node.cpython-310.pyc
byte-compiling /home/jbw/yolo_fashion_mnist/ros2_ws/install/yolo_fashion_mnist/lib/python3.10/site-packages/yolo_fashion_mnist/publisher_node.py to publisher_node.cpython-310.pyc
byte-compiling /home/jbw/yolo_fashion_mnist/ros2_ws/install/yolo_fashion_mnist/lib/python3.10/site-packages/yolo_fashion_mnist/__init__.py to __init__.cpython-310.pyc
running install_data
creating /home/jbw/yolo_fashion_mnist/ros2_ws/install/yolo_fashion_mnist/share/ament_index
creating /home/jbw/yolo_fashion_mnist/ros2_ws/install/yolo_fashion_mnist/share/ament_index/resource_index
creating /home/jbw/yolo_fashion_mnist/ros2_ws/install/yolo_fashion_mnist/share/ament_index/resource_index/packages
copying resource/yolo_fashion_mnist -> /home/jbw/yolo_fashion_mnist/ros2_ws/install/yolo_fashion_mnist/share/ament_index/resource_index/packages
copying package.xml -> /home/jbw/yolo_fashion_mnist/ros2_ws/install/yolo_fashion_mnist/share/yolo_fashion_mnist
running install_egg_info
Copying ../../build/yolo_fashion_mnist/yolo_fashion_mnist.egg-info to /home/jbw/yolo_fashion_mnist/ros2_ws/install/yolo_fashion_mnist/lib/python3.10/site-packages/yolo_fashion_mnist-0.0.0-py3.10.egg-info
running install_scripts
Installing yolo_pub script to /home/jbw/yolo_fashion_mnist/ros2_ws/install/yolo_fashion_mnist/lib/yolo_fashion_mnist
Installing yolo_sub script to /home/jbw/yolo_fashion_mnist/ros2_ws/install/yolo_fashion_mnist/lib/yolo_fashion_mnist
writing list of installed files to '/home/jbw/yolo_fashion_mnist/ros2_ws/build/yolo_fashion_mnist/install.log'
