[0.354s] Invoking command in '/home/jbw/yolo_fashion_mnist/ros2_ws/src/yolo_fashion_mnist': CONDA_PROMPT_MODIFIER=(base) PYTHONPATH=/home/jbw/yolo_fashion_mnist/ros2_ws/build/yolo_fashion_mnist/prefix_override:/usr/lib/python3/dist-packages/colcon_core/task/python/colcon_distutils_commands:/home/jbw/yolo_fashion_mnist/ros2_ws/install/yolo_fashion_mnist/lib/python3.10/site-packages:${PYTHONPATH} /usr/bin/python3 -W ignore:setup.py install is deprecated -W ignore:easy_install command is deprecated setup.py egg_info --egg-base ../../build/yolo_fashion_mnist build --build-base /home/jbw/yolo_fashion_mnist/ros2_ws/build/yolo_fashion_mnist/build install --record /home/jbw/yolo_fashion_mnist/ros2_ws/build/yolo_fashion_mnist/install.log --single-version-externally-managed install_data
[0.493s] running egg_info
[0.493s] creating ../../build/yolo_fashion_mnist/yolo_fashion_mnist.egg-info
[0.493s] writing ../../build/yolo_fashion_mnist/yolo_fashion_mnist.egg-info/PKG-INFO
[0.493s] writing dependency_links to ../../build/yolo_fashion_mnist/yolo_fashion_mnist.egg-info/dependency_links.txt
[0.493s] writing entry points to ../../build/yolo_fashion_mnist/yolo_fashion_mnist.egg-info/entry_points.txt
[0.493s] writing requirements to ../../build/yolo_fashion_mnist/yolo_fashion_mnist.egg-info/requires.txt
[0.493s] writing top-level names to ../../build/yolo_fashion_mnist/yolo_fashion_mnist.egg-info/top_level.txt
[0.493s] writing manifest file '../../build/yolo_fashion_mnist/yolo_fashion_mnist.egg-info/SOURCES.txt'
[0.494s] reading manifest file '../../build/yolo_fashion_mnist/yolo_fashion_mnist.egg-info/SOURCES.txt'
[0.495s] writing manifest file '../../build/yolo_fashion_mnist/yolo_fashion_mnist.egg-info/SOURCES.txt'
[0.495s] running build
[0.495s] running build_py
[0.495s] creating /home/jbw/yolo_fashion_mnist/ros2_ws/build/yolo_fashion_mnist/build
[0.495s] creating /home/jbw/yolo_fashion_mnist/ros2_ws/build/yolo_fashion_mnist/build/lib
[0.495s] creating /home/jbw/yolo_fashion_mnist/ros2_ws/build/yolo_fashion_mnist/build/lib/yolo_fashion_mnist
[0.495s] copying yolo_fashion_mnist/subscriber_node.py -> /home/jbw/yolo_fashion_mnist/ros2_ws/build/yolo_fashion_mnist/build/lib/yolo_fashion_mnist
[0.495s] copying yolo_fashion_mnist/publisher_node.py -> /home/jbw/yolo_fashion_mnist/ros2_ws/build/yolo_fashion_mnist/build/lib/yolo_fashion_mnist
[0.495s] copying yolo_fashion_mnist/__init__.py -> /home/jbw/yolo_fashion_mnist/ros2_ws/build/yolo_fashion_mnist/build/lib/yolo_fashion_mnist
[0.495s] running install
[0.495s] running install_lib
[0.496s] creating /home/jbw/yolo_fashion_mnist/ros2_ws/install/yolo_fashion_mnist/lib/python3.10/site-packages/yolo_fashion_mnist
[0.496s] copying /home/jbw/yolo_fashion_mnist/ros2_ws/build/yolo_fashion_mnist/build/lib/yolo_fashion_mnist/subscriber_node.py -> /home/jbw/yolo_fashion_mnist/ros2_ws/install/yolo_fashion_mnist/lib/python3.10/site-packages/yolo_fashion_mnist
[0.496s] copying /home/jbw/yolo_fashion_mnist/ros2_ws/build/yolo_fashion_mnist/build/lib/yolo_fashion_mnist/publisher_node.py -> /home/jbw/yolo_fashion_mnist/ros2_ws/install/yolo_fashion_mnist/lib/python3.10/site-packages/yolo_fashion_mnist
[0.496s] copying /home/jbw/yolo_fashion_mnist/ros2_ws/build/yolo_fashion_mnist/build/lib/yolo_fashion_mnist/__init__.py -> /home/jbw/yolo_fashion_mnist/ros2_ws/install/yolo_fashion_mnist/lib/python3.10/site-packages/yolo_fashion_mnist
[0.496s] byte-compiling /home/jbw/yolo_fashion_mnist/ros2_ws/install/yolo_fashion_mnist/lib/python3.10/site-packages/yolo_fashion_mnist/subscriber_node.py to subscriber_node.cpython-310.pyc
[0.497s] byte-compiling /home/jbw/yolo_fashion_mnist/ros2_ws/install/yolo_fashion_mnist/lib/python3.10/site-packages/yolo_fashion_mnist/publisher_node.py to publisher_node.cpython-310.pyc
[0.497s] byte-compiling /home/jbw/yolo_fashion_mnist/ros2_ws/install/yolo_fashion_mnist/lib/python3.10/site-packages/yolo_fashion_mnist/__init__.py to __init__.cpython-310.pyc
[0.497s] running install_data
[0.497s] creating /home/jbw/yolo_fashion_mnist/ros2_ws/install/yolo_fashion_mnist/share/ament_index
[0.497s] creating /home/jbw/yolo_fashion_mnist/ros2_ws/install/yolo_fashion_mnist/share/ament_index/resource_index
[0.497s] creating /home/jbw/yolo_fashion_mnist/ros2_ws/install/yolo_fashion_mnist/share/ament_index/resource_index/packages
[0.497s] copying resource/yolo_fashion_mnist -> /home/jbw/yolo_fashion_mnist/ros2_ws/install/yolo_fashion_mnist/share/ament_index/resource_index/packages
[0.497s] copying package.xml -> /home/jbw/yolo_fashion_mnist/ros2_ws/install/yolo_fashion_mnist/share/yolo_fashion_mnist
[0.497s] running install_egg_info
[0.498s] Copying ../../build/yolo_fashion_mnist/yolo_fashion_mnist.egg-info to /home/jbw/yolo_fashion_mnist/ros2_ws/install/yolo_fashion_mnist/lib/python3.10/site-packages/yolo_fashion_mnist-0.0.0-py3.10.egg-info
[0.499s] running install_scripts
[0.511s] Installing yolo_pub script to /home/jbw/yolo_fashion_mnist/ros2_ws/install/yolo_fashion_mnist/lib/yolo_fashion_mnist
[0.511s] Installing yolo_sub script to /home/jbw/yolo_fashion_mnist/ros2_ws/install/yolo_fashion_mnist/lib/yolo_fashion_mnist
[0.511s] writing list of installed files to '/home/jbw/yolo_fashion_mnist/ros2_ws/build/yolo_fashion_mnist/install.log'
[0.523s] Invoked command in '/home/jbw/yolo_fashion_mnist/ros2_ws/src/yolo_fashion_mnist' returned '0': CONDA_PROMPT_MODIFIER=(base) PYTHONPATH=/home/jbw/yolo_fashion_mnist/ros2_ws/build/yolo_fashion_mnist/prefix_override:/usr/lib/python3/dist-packages/colcon_core/task/python/colcon_distutils_commands:/home/jbw/yolo_fashion_mnist/ros2_ws/install/yolo_fashion_mnist/lib/python3.10/site-packages:${PYTHONPATH} /usr/bin/python3 -W ignore:setup.py install is deprecated -W ignore:easy_install command is deprecated setup.py egg_info --egg-base ../../build/yolo_fashion_mnist build --build-base /home/jbw/yolo_fashion_mnist/ros2_ws/build/yolo_fashion_mnist/build install --record /home/jbw/yolo_fashion_mnist/ros2_ws/build/yolo_fashion_mnist/install.log --single-version-externally-managed install_data
